<?xml version="1.0" encoding="UTF-8"?>
<testng-results ignored="0" total="1" passed="1" failed="0" skipped="0">
  <reporter-output>
  </reporter-output>
  <suite started-at="2023-11-28T22:00:31 IST" name="Default suite" finished-at="2023-11-28T22:00:35 IST" duration-ms="4076">
    <groups>
    </groups>
    <test started-at="2023-11-28T22:00:31 IST" name="Default test" finished-at="2023-11-28T22:00:35 IST" duration-ms="4076">
      <class name="shrutika.Assignment11">
        <test-method is-config="true" signature="launchChrome()[pri:0, instance:shrutika.Assignment11@2accdbb5]" started-at="2023-11-28T22:00:31 IST" name="launchChrome" finished-at="2023-11-28T22:00:33 IST" duration-ms="1644" status="PASS">
          <reporter-output>
          </reporter-output>
        </test-method> <!-- launchChrome -->
        <test-method is-config="true" signature="setUp()[pri:0, instance:shrutika.Assignment11@2accdbb5]" started-at="2023-11-28T22:00:33 IST" name="setUp" finished-at="2023-11-28T22:00:34 IST" duration-ms="1354" status="PASS">
          <reporter-output>
          </reporter-output>
        </test-method> <!-- setUp -->
        <test-method signature="verifyBasicElementCheckboxAndRadio()[pri:0, instance:shrutika.Assignment11@2accdbb5]" started-at="2023-11-28T22:00:34 IST" name="verifyBasicElementCheckboxAndRadio" finished-at="2023-11-28T22:00:35 IST" duration-ms="1029" status="PASS">
          <reporter-output>
          </reporter-output>
        </test-method> <!-- verifyBasicElementCheckboxAndRadio -->
      </class> <!-- shrutika.Assignment11 -->
    </test> <!-- Default test -->
  </suite> <!-- Default suite -->
</testng-results>
