<?xml version="1.0" encoding="UTF-8"?>
<!-- Generated by org.testng.reporters.JUnitXMLReporter -->
<testsuite ignored="1" hostname="SidShru" failures="1" tests="7" name="Test" time="0.069" errors="0" timestamp="2023-11-29T23:41:08 IST">
  <testcase classname="shrutika.Assignment26" name="test3" time="0.006"/>
  <testcase classname="shrutika.Assignment26" name="test1" time="0.001"/>
  <testcase classname="shrutika.Assignment26" name="m1" time="0.001"/>
  <testcase classname="shrutika.Assignment26" name="test2" time="0.001">
    <failure type="java.lang.ArithmeticException" message="/ by zero">
      <![CDATA[java.lang.ArithmeticException: / by zero
at shrutika.Assignment26.test2(Assignment26.java:23)
at java.base/java.util.ArrayList.forEach(ArrayList.java:1511)
... Removed 27 stack frames]]>
    </failure>
  </testcase> <!-- test2 -->
  <testcase classname="shrutika.Assignment26" name="m2" time="0.0">
    <skipped/>
  </testcase> <!-- m2 -->
  <testcase classname="shrutika.Assignment26" name="m3" time="0.001"/>
  <testcase classname="shrutika.Assignment26" name="test4" time="0.0"/>
  <testcase classname="shrutika.Assignment26" name="m4" time="0.0">
    <ignored/>
  </testcase> <!-- m4 -->
</testsuite> <!-- Test -->
